<?xml version="1.0" encoding="UTF-8"?>
<!-- Generated by org.testng.reporters.JUnitReportReporter -->
<testsuite skipped="0" hostname="LAPTOP-G3MDKHV7" name="com.piit.Amazon1.NewTest" tests="1" failures="0" timestamp="17 Mar 2020 01:40:31 GMT" time="13.299" errors="0">
  <testcase name="f" time="13.299" classname="com.piit.Amazon1.NewTest"/>
</testsuite> <!-- com.piit.Amazon1.NewTest -->
